<?xml version="1.0" encoding="UTF-8"?>
<testsuite xmlns:xsi="http://www.w3.org/2001/XMLSchema-instance" xsi:noNamespaceSchemaLocation="https://maven.apache.org/surefire/maven-surefire-plugin/xsd/surefire-test-report-3.0.xsd" version="3.0" name="TestSuite" time="11.552" tests="3" errors="0" skipped="0" failures="1">
  <properties>
[...]
</properties>
  <testcase name="validatetext" classname="sapf.vTittle" time="0.165">
    <failure message="expected [Create a Page for a celebrity, band or business.] but found [ಫೇಸ್ ಬುಕ್ ನಿಮ್ಮ ಜೀವನದಲ್ಲಿರುವ ಜನರನ್ನು ಸಂಪರ್ಕಿಸಲು ಮತ್ತು ಅವರೊಂದಿಗೆ ಹಂಚಿಕೊಳ್ಳಲು ಸಹಕರಿಸುತ್ತದೆ]" type="java.lang.AssertionError"><![CDATA[java.lang.AssertionError: expected [Create a Page for a celebrity, band or business.] but found [ಫೇಸ್ ಬುಕ್ ನಿಮ್ಮ ಜೀವನದಲ್ಲಿರುವ ಜನರನ್ನು ಸಂಪರ್ಕಿಸಲು ಮತ್ತು ಅವರೊಂದಿಗೆ ಹಂಚಿಕೊಳ್ಳಲು ಸಹಕರಿಸುತ್ತದೆ]
	at sapf.vTittle.validatetext(vTittle.java:41)
]]></failure>
    <system-out><![CDATA[chrome
chrome
]]></system-out>
    <system-err><![CDATA[Starting ChromeDriver 94.0.4606.41 (333e85df3c9b656b518b5f1add5ff246365b6c24-refs/branch-heads/4606@{#845}) on Stpaorrtti 3ng83 6C5hr
oOmnelDyr ilvoecra l94 c.0o.n4n6e0ct6i.o41n (s333 e8a5drf3ce9b 65a6lb5l1o8wbe5fd1.add
5Pffl24e636a5bs6ce2 4-sreeef sht/tbprsan:c//hch-rohmeedadrsi/4v60e6r@{.#c84h5r})o moinu pmor.t o22r21g0/
sOnley clocual rcoinnetctyion-s acroen saildelraotwieodn.s 
foPlre assueg gseees thtitpos:/n/cshro moend krieveepring. CchrohmerDrioverm saifeu.m
.org/sCehcromueDrirtiyve-rc waosn ssitdaerrtaetdi osnuscc efsosrfu llsy.ug
gestions on keeping ChromeDriver safe.
ChromeDriver was started successfully.
Oct 12, 2021 10:39:10 PM org.openqa.selenium.remote.ProtocolHandshake createSession
INFO: Detected dialect: W3C
Oct 12, 2021 10:39:10 PM org.openqa.selenium.remote.ProtocolHandshake createSession
INFO: Detected dialect: W3C
]]></system-err>
  </testcase>
  <testcase name="basepagenavigation[sharanpadashetty637@gmail.com, Padashetty$2110](1)" classname="sapf.Homepage" time="0.237"/>
  <testcase name="basepagenavigation[8073048760, Padashetty$2110](2)" classname="sapf.Homepage" time="3.048"/>
</testsuite>